2022-02-17 10:06:32,738 - yams - INFO - Starting up YAMS v0.7.3
2022-02-17 10:06:33,768 - yams - INFO - Connected to mpd, version: 0.23.5
2022-02-17 10:06:33,770 - yams - INFO - Wrote PID to file: /home/mariussw/.config/yams/yams.pid
2022-02-18 07:28:39,141 - yams - INFO - Recieved event in subsystem: ['player']
2022-02-18 07:28:39,142 - yams - INFO - Received state: play
2022-02-18 07:28:39,143 - yams - INFO - Playing 60681z, by Skee Mask (from Pool)
2022-02-18 07:28:39,143 - yams - INFO - 149/377s (39.7%)
2022-02-18 07:28:39,144 - yams - INFO - While the scrobbling threshold would normally be 50%, since we're starting at 144.4s (out of 376.7s, a.k.a. 38.3%), it's now 69.2%
2022-02-18 07:28:39,144 - yams - INFO - Starting to watch track: 60681z by Skee Mask, currently at: 149/377s (39.7%). Will scrobble in: 111s
2022-02-18 07:28:39,144 - yams - WARNING - Found multiple instances of key 'track', returning first match: 14
2022-02-18 07:28:39,351 - yams - INFO - Now playing was a success!
2022-02-18 07:29:18,501 - yams - WARNING - Can't scrobble yet, time elapsed (183.727981754303s) < adjustted duration (188.357s)
2022-02-18 07:29:19,506 - yams - WARNING - Can't scrobble yet, time elapsed (184.73244208908082s) < adjustted duration (188.357s)
2022-02-18 07:29:20,510 - yams - WARNING - Can't scrobble yet, time elapsed (185.73689646339417s) < adjustted duration (188.357s)
2022-02-18 07:29:21,515 - yams - WARNING - Can't scrobble yet, time elapsed (186.74131531333924s) < adjustted duration (188.357s)
2022-02-18 07:29:22,519 - yams - WARNING - Can't scrobble yet, time elapsed (187.7461130104065s) < adjustted duration (188.357s)
2022-02-18 07:29:23,524 - yams - INFO - Scrobbling!
2022-02-18 07:29:23,524 - yams - WARNING - Found multiple instances of key 'track', returning first match: 14
2022-02-18 07:29:23,693 - yams - INFO - Scrobbles accepted: 1
2022-02-18 07:29:23,693 - yams - INFO - Scrobbling was a success!
2022-02-18 07:32:31,132 - yams - INFO - While the scrobbling threshold would normally be 50%, since we're starting at 0.1s (out of 283.1s, a.k.a. 0.0%), it's now 50.0%
2022-02-18 07:32:31,132 - yams - INFO - Starting to watch track: Crosssection by Skee Mask, currently at: 5/283s (1.8%). Will scrobble in: 136s
2022-02-18 07:32:31,132 - yams - WARNING - Found multiple instances of key 'track', returning first match: 15
2022-02-18 07:32:31,300 - yams - INFO - Now playing was a success!
2022-02-18 07:34:47,672 - yams - WARNING - Can't scrobble yet, time elapsed (136.64846709632874s) < adjustted duration (141.5295s)
2022-02-18 07:34:48,674 - yams - WARNING - Can't scrobble yet, time elapsed (137.6502690639496s) < adjustted duration (141.5295s)
2022-02-18 07:34:49,675 - yams - WARNING - Can't scrobble yet, time elapsed (138.6520271625519s) < adjustted duration (141.5295s)
2022-02-18 07:34:50,677 - yams - WARNING - Can't scrobble yet, time elapsed (139.65369347000123s) < adjustted duration (141.5295s)
2022-02-18 07:34:51,681 - yams - WARNING - Can't scrobble yet, time elapsed (140.6568093624115s) < adjustted duration (141.5295s)
2022-02-18 07:34:52,682 - yams - INFO - Scrobbling!
2022-02-18 07:34:52,682 - yams - WARNING - Found multiple instances of key 'track', returning first match: 15
2022-02-18 07:34:52,846 - yams - INFO - Scrobbles accepted: 1
2022-02-18 07:34:52,846 - yams - INFO - Scrobbling was a success!
2022-02-18 07:37:14,117 - yams - INFO - While the scrobbling threshold would normally be 50%, since we're starting at 0.0s (out of 300.0s, a.k.a. 0.0%), it's now 50.0%
2022-02-18 07:37:14,117 - yams - INFO - Starting to watch track: Harrison Ford by Skee Mask, currently at: 5/300s (1.7%). Will scrobble in: 145s
2022-02-18 07:37:14,117 - yams - WARNING - Found multiple instances of key 'track', returning first match: 16
2022-02-18 07:37:14,350 - yams - INFO - Now playing was a success!
2022-02-18 07:39:39,747 - yams - WARNING - Can't scrobble yet, time elapsed (145.6706031475067s) < adjustted duration (150.0s)
2022-02-18 07:39:40,751 - yams - WARNING - Can't scrobble yet, time elapsed (146.67412458992004s) < adjustted duration (150.0s)
2022-02-18 07:39:41,756 - yams - WARNING - Can't scrobble yet, time elapsed (147.67921387290954s) < adjustted duration (150.0s)
2022-02-18 07:39:42,760 - yams - WARNING - Can't scrobble yet, time elapsed (148.6831983242035s) < adjustted duration (150.0s)
2022-02-18 07:39:43,764 - yams - WARNING - Can't scrobble yet, time elapsed (149.6872631225586s) < adjustted duration (150.0s)
2022-02-18 07:39:44,767 - yams - INFO - Scrobbling!
2022-02-18 07:39:44,768 - yams - WARNING - Found multiple instances of key 'track', returning first match: 16
2022-02-18 07:39:44,943 - yams - INFO - Scrobbles accepted: 1
2022-02-18 07:39:44,943 - yams - INFO - Scrobbling was a success!
2022-02-18 07:42:14,453 - yams - INFO - While the scrobbling threshold would normally be 50%, since we're starting at 0.6s (out of 372.6s, a.k.a. 0.2%), it's now 50.1%
2022-02-18 07:42:14,454 - yams - INFO - Starting to watch track: Pepper Boys by Skee Mask, currently at: 6/373s (1.5%). Will scrobble in: 181s
2022-02-18 07:42:14,454 - yams - WARNING - Found multiple instances of key 'track', returning first match: 17
2022-02-18 07:42:14,629 - yams - INFO - Now playing was a success!
2022-02-18 07:43:52,973 - yams - INFO - Recieved event in subsystem: ['player']
2022-02-18 07:43:52,974 - yams - INFO - Received state: pause
